app/build/intermediates/manifest_merge_blame_file/debug/manifest-merger-blame-debug-report.txt
1<?xml version="1.0" encoding="utf-8"?>
2<manifest xmlns:android="http://schemas.android.com/apk/res/android"
3    package="com.ar.application"
4    android:versionCode="1"
5    android:versionName="1.0" >
6
7    <uses-sdk
8        android:minSdkVersion="25"
8-->src\main\AndroidManifest.xml
9        android:targetSdkVersion="32" />
9-->src\main\AndroidManifest.xml
10
11    <uses-permission android:name="android.permission.RECEIVE_SMS" />
11-->src\main\AndroidManifest.xml:6:5-69
11-->src\main\AndroidManifest.xml:6:22-67
12    <uses-permission android:name="android.permission.SEND_SMS" />
12-->src\main\AndroidManifest.xml:7:5-66
12-->src\main\AndroidManifest.xml:7:22-64
13    <uses-permission android:name="android.permission.ACCESS_FINE_LOCATION" />
13-->src\main\AndroidManifest.xml:8:5-78
13-->src\main\AndroidManifest.xml:8:22-76
14    <uses-permission android:name="android.permission.INTERNET" />
14-->src\main\AndroidManifest.xml:9:5-66
14-->src\main\AndroidManifest.xml:9:22-64
15
16    <!-- Include required permissions for Google Maps API to run. -->
17    <uses-permission android:name="android.permission.ACCESS_NETWORK_STATE" />
17-->[com.google.android.gms:play-services-maps:18.1.0] AndroidManifest.xml:23:5-79
17-->[com.google.android.gms:play-services-maps:18.1.0] AndroidManifest.xml:23:22-76
18
19    <uses-feature
19-->[com.google.android.gms:play-services-maps:18.1.0] AndroidManifest.xml:26:5-28:35
20        android:glEsVersion="0x00020000"
20-->[com.google.android.gms:play-services-maps:18.1.0] AndroidManifest.xml:27:9-41
21        android:required="true" />
21-->[com.google.android.gms:play-services-maps:18.1.0] AndroidManifest.xml:28:9-32
22
23    <queries>
23-->[com.google.android.gms:play-services-maps:18.1.0] AndroidManifest.xml:30:5-34:15
24
25        <!-- Needs to be explicitly declared on Android R+ -->
26        <package android:name="com.google.android.apps.maps" />
26-->[com.google.android.gms:play-services-maps:18.1.0] AndroidManifest.xml:33:9-64
26-->[com.google.android.gms:play-services-maps:18.1.0] AndroidManifest.xml:33:18-61
27    </queries>
28
29    <uses-permission android:name="android.permission.POST_NOTIFICATIONS" />
29-->[com.google.firebase:firebase-messaging:23.0.8] AndroidManifest.xml:26:5-77
29-->[com.google.firebase:firebase-messaging:23.0.8] AndroidManifest.xml:26:22-74
30    <uses-permission android:name="android.permission.WAKE_LOCK" /> <!-- Required by older versions of Google Play services to create IID tokens -->
30-->[com.google.firebase:firebase-messaging:23.0.8] AndroidManifest.xml:27:5-68
30-->[com.google.firebase:firebase-messaging:23.0.8] AndroidManifest.xml:27:22-65
31    <uses-permission android:name="com.google.android.c2dm.permission.RECEIVE" />
31-->[com.google.firebase:firebase-messaging:23.0.8] AndroidManifest.xml:29:5-82
31-->[com.google.firebase:firebase-messaging:23.0.8] AndroidManifest.xml:29:22-79
32
33    <application
33-->src\main\AndroidManifest.xml:11:5-57:19
34        android:allowBackup="true"
34-->src\main\AndroidManifest.xml:12:9-35
35        android:appComponentFactory="androidx.core.app.CoreComponentFactory"
35-->[androidx.core:core:1.8.0] AndroidManifest.xml:24:18-86
36        android:dataExtractionRules="@xml/data_extraction_rules"
36-->src\main\AndroidManifest.xml:13:9-65
37        android:debuggable="true"
38        android:extractNativeLibs="false"
39        android:fullBackupContent="@xml/backup_rules"
39-->src\main\AndroidManifest.xml:14:9-54
40        android:icon="@mipmap/app_icon"
40-->src\main\AndroidManifest.xml:15:9-40
41        android:label="@string/app_name"
41-->src\main\AndroidManifest.xml:16:9-41
42        android:roundIcon="@mipmap/app_icon_round"
42-->src\main\AndroidManifest.xml:17:9-51
43        android:supportsRtl="true"
43-->src\main\AndroidManifest.xml:18:9-35
44        android:testOnly="true"
45        android:theme="@style/Theme.Application" >
45-->src\main\AndroidManifest.xml:19:9-49
46
47        <!--
48             TODO: Before you run your application, you need a Google Maps API key.
49
50             To get one, follow the directions here:
51
52                https://developers.google.com/maps/documentation/android-sdk/get-api-key
53
54             Once you have your API key (it starts with "AIza"), define a new property in your
55             project's local.properties file (e.g. MAPS_API_KEY=Aiza...), and replace the
56             "YOUR_API_KEY" string in this file with "${MAPS_API_KEY}".
57        -->
58        <meta-data
59            android:name="com.google.android.geo.API_KEY"
59-->src\main\AndroidManifest.xml:34:13-58
60            android:value="AIzaSyDpHKK1pYsjYhbtClboL27doqvvrV8yvGM" />
60-->src\main\AndroidManifest.xml:35:13-44
61
62        <activity
62-->src\main\AndroidManifest.xml:37:9-40:68
63            android:name="com.ar.application.TracingRoute"
63-->src\main\AndroidManifest.xml:38:13-41
64            android:exported="false"
64-->src\main\AndroidManifest.xml:39:13-37
65            android:label="@string/title_activity_tracing_route" />
65-->src\main\AndroidManifest.xml:40:13-65
66        <activity
66-->src\main\AndroidManifest.xml:41:9-44:65
67            android:name="com.ar.application.Geofencing"
67-->src\main\AndroidManifest.xml:42:13-39
68            android:exported="false"
68-->src\main\AndroidManifest.xml:43:13-37
69            android:label="@string/title_activity_geofencing" />
69-->src\main\AndroidManifest.xml:44:13-62
70        <activity
70-->src\main\AndroidManifest.xml:45:9-47:40
71            android:name="com.ar.application.InAppMessaging"
71-->src\main\AndroidManifest.xml:46:13-43
72            android:exported="false" />
72-->src\main\AndroidManifest.xml:47:13-37
73        <activity
73-->src\main\AndroidManifest.xml:48:9-56:20
74            android:name="com.ar.application.MainActivity"
74-->src\main\AndroidManifest.xml:49:13-41
75            android:exported="true" >
75-->src\main\AndroidManifest.xml:50:13-36
76            <intent-filter>
76-->src\main\AndroidManifest.xml:51:13-55:29
77                <action android:name="android.intent.action.MAIN" />
77-->src\main\AndroidManifest.xml:52:17-69
77-->src\main\AndroidManifest.xml:52:25-66
78
79                <category android:name="android.intent.category.LAUNCHER" />
79-->src\main\AndroidManifest.xml:54:17-77
79-->src\main\AndroidManifest.xml:54:27-74
80            </intent-filter>
81        </activity>
82        <!-- Needs to be explicitly declared on P+ -->
83        <uses-library
83-->[com.google.android.gms:play-services-maps:18.1.0] AndroidManifest.xml:39:9-41:40
84            android:name="org.apache.http.legacy"
84-->[com.google.android.gms:play-services-maps:18.1.0] AndroidManifest.xml:40:13-50
85            android:required="false" />
85-->[com.google.android.gms:play-services-maps:18.1.0] AndroidManifest.xml:41:13-37
86
87        <service
87-->[com.google.firebase:firebase-messaging-ktx:23.0.8] AndroidManifest.xml:26:9-32:19
88            android:name="com.google.firebase.components.ComponentDiscoveryService"
88-->[com.google.firebase:firebase-messaging-ktx:23.0.8] AndroidManifest.xml:27:13-84
89            android:directBootAware="true"
89-->[com.google.firebase:firebase-common:20.1.2] AndroidManifest.xml:35:13-43
90            android:exported="false" >
90-->[com.google.firebase:firebase-messaging-ktx:23.0.8] AndroidManifest.xml:28:13-37
91            <meta-data
91-->[com.google.firebase:firebase-messaging-ktx:23.0.8] AndroidManifest.xml:29:13-31:85
92                android:name="com.google.firebase.components:com.google.firebase.messaging.ktx.FirebaseMessagingKtxRegistrar"
92-->[com.google.firebase:firebase-messaging-ktx:23.0.8] AndroidManifest.xml:30:17-126
93                android:value="com.google.firebase.components.ComponentRegistrar" />
93-->[com.google.firebase:firebase-messaging-ktx:23.0.8] AndroidManifest.xml:31:17-82
94            <meta-data
94-->[com.google.firebase:firebase-messaging:23.0.8] AndroidManifest.xml:56:13-58:85
95                android:name="com.google.firebase.components:com.google.firebase.messaging.FirebaseMessagingRegistrar"
95-->[com.google.firebase:firebase-messaging:23.0.8] AndroidManifest.xml:57:17-119
96                android:value="com.google.firebase.components.ComponentRegistrar" />
96-->[com.google.firebase:firebase-messaging:23.0.8] AndroidManifest.xml:58:17-82
97            <meta-data
97-->[com.google.firebase:firebase-common-ktx:20.1.2] AndroidManifest.xml:15:13-17:85
98                android:name="com.google.firebase.components:com.google.firebase.ktx.FirebaseCommonKtxRegistrar"
98-->[com.google.firebase:firebase-common-ktx:20.1.2] AndroidManifest.xml:16:17-113
99                android:value="com.google.firebase.components.ComponentRegistrar" />
99-->[com.google.firebase:firebase-common-ktx:20.1.2] AndroidManifest.xml:17:17-82
100            <meta-data
100-->[com.google.firebase:firebase-datatransport:18.1.6] AndroidManifest.xml:28:13-30:85
101                android:name="com.google.firebase.components:com.google.firebase.datatransport.TransportRegistrar"
101-->[com.google.firebase:firebase-datatransport:18.1.6] AndroidManifest.xml:29:17-115
102                android:value="com.google.firebase.components.ComponentRegistrar" />
102-->[com.google.firebase:firebase-datatransport:18.1.6] AndroidManifest.xml:30:17-82
103            <meta-data
103-->[com.google.firebase:firebase-installations:17.0.2] AndroidManifest.xml:18:13-20:85
104                android:name="com.google.firebase.components:com.google.firebase.installations.FirebaseInstallationsRegistrar"
104-->[com.google.firebase:firebase-installations:17.0.2] AndroidManifest.xml:19:17-127
105                android:value="com.google.firebase.components.ComponentRegistrar" />
105-->[com.google.firebase:firebase-installations:17.0.2] AndroidManifest.xml:20:17-82
106        </service>
107
108        <receiver
108-->[com.google.firebase:firebase-messaging:23.0.8] AndroidManifest.xml:32:9-39:20
109            android:name="com.google.firebase.iid.FirebaseInstanceIdReceiver"
109-->[com.google.firebase:firebase-messaging:23.0.8] AndroidManifest.xml:33:13-78
110            android:exported="true"
110-->[com.google.firebase:firebase-messaging:23.0.8] AndroidManifest.xml:34:13-36
111            android:permission="com.google.android.c2dm.permission.SEND" >
111-->[com.google.firebase:firebase-messaging:23.0.8] AndroidManifest.xml:35:13-73
112            <intent-filter>
112-->[com.google.firebase:firebase-messaging:23.0.8] AndroidManifest.xml:36:13-38:29
113                <action android:name="com.google.android.c2dm.intent.RECEIVE" />
113-->[com.google.firebase:firebase-messaging:23.0.8] AndroidManifest.xml:37:17-81
113-->[com.google.firebase:firebase-messaging:23.0.8] AndroidManifest.xml:37:25-78
114            </intent-filter>
115        </receiver>
116        <!--
117             FirebaseMessagingService performs security checks at runtime,
118             but set to not exported to explicitly avoid allowing another app to call it.
119        -->
120        <service
120-->[com.google.firebase:firebase-messaging:23.0.8] AndroidManifest.xml:45:9-52:19
121            android:name="com.google.firebase.messaging.FirebaseMessagingService"
121-->[com.google.firebase:firebase-messaging:23.0.8] AndroidManifest.xml:46:13-82
122            android:directBootAware="true"
122-->[com.google.firebase:firebase-messaging:23.0.8] AndroidManifest.xml:47:13-43
123            android:exported="false" >
123-->[com.google.firebase:firebase-messaging:23.0.8] AndroidManifest.xml:48:13-37
124            <intent-filter android:priority="-500" >
124-->[com.google.firebase:firebase-messaging:23.0.8] AndroidManifest.xml:49:13-51:29
124-->[com.google.firebase:firebase-messaging:23.0.8] AndroidManifest.xml:49:28-51
125                <action android:name="com.google.firebase.MESSAGING_EVENT" />
125-->[com.google.firebase:firebase-messaging:23.0.8] AndroidManifest.xml:50:17-78
125-->[com.google.firebase:firebase-messaging:23.0.8] AndroidManifest.xml:50:25-75
126            </intent-filter>
127        </service>
128
129        <activity
129-->[com.google.android.gms:play-services-base:18.0.1] AndroidManifest.xml:20:9-22:45
130            android:name="com.google.android.gms.common.api.GoogleApiActivity"
130-->[com.google.android.gms:play-services-base:18.0.1] AndroidManifest.xml:20:19-85
131            android:exported="false"
131-->[com.google.android.gms:play-services-base:18.0.1] AndroidManifest.xml:22:19-43
132            android:theme="@android:style/Theme.Translucent.NoTitleBar" />
132-->[com.google.android.gms:play-services-base:18.0.1] AndroidManifest.xml:21:19-78
133
134        <provider
134-->[com.google.firebase:firebase-common:20.1.2] AndroidManifest.xml:26:9-31:39
135            android:name="com.google.firebase.provider.FirebaseInitProvider"
135-->[com.google.firebase:firebase-common:20.1.2] AndroidManifest.xml:27:13-77
136            android:authorities="com.ar.application.firebaseinitprovider"
136-->[com.google.firebase:firebase-common:20.1.2] AndroidManifest.xml:28:13-72
137            android:directBootAware="true"
137-->[com.google.firebase:firebase-common:20.1.2] AndroidManifest.xml:29:13-43
138            android:exported="false"
138-->[com.google.firebase:firebase-common:20.1.2] AndroidManifest.xml:30:13-37
139            android:initOrder="100" />
139-->[com.google.firebase:firebase-common:20.1.2] AndroidManifest.xml:31:13-36
140
141        <meta-data
141-->[com.google.android.gms:play-services-basement:18.1.0] AndroidManifest.xml:21:9-23:69
142            android:name="com.google.android.gms.version"
142-->[com.google.android.gms:play-services-basement:18.1.0] AndroidManifest.xml:22:13-58
143            android:value="@integer/google_play_services_version" />
143-->[com.google.android.gms:play-services-basement:18.1.0] AndroidManifest.xml:23:13-66
144
145        <provider
145-->[androidx.emoji2:emoji2:1.2.0] AndroidManifest.xml:24:9-32:20
146            android:name="androidx.startup.InitializationProvider"
146-->[androidx.emoji2:emoji2:1.2.0] AndroidManifest.xml:25:13-67
147            android:authorities="com.ar.application.androidx-startup"
147-->[androidx.emoji2:emoji2:1.2.0] AndroidManifest.xml:26:13-68
148            android:exported="false" >
148-->[androidx.emoji2:emoji2:1.2.0] AndroidManifest.xml:27:13-37
149            <meta-data
149-->[androidx.emoji2:emoji2:1.2.0] AndroidManifest.xml:29:13-31:52
150                android:name="androidx.emoji2.text.EmojiCompatInitializer"
150-->[androidx.emoji2:emoji2:1.2.0] AndroidManifest.xml:30:17-75
151                android:value="androidx.startup" />
151-->[androidx.emoji2:emoji2:1.2.0] AndroidManifest.xml:31:17-49
152            <meta-data
152-->[androidx.lifecycle:lifecycle-process:2.4.1] AndroidManifest.xml:31:13-33:52
153                android:name="androidx.lifecycle.ProcessLifecycleInitializer"
153-->[androidx.lifecycle:lifecycle-process:2.4.1] AndroidManifest.xml:32:17-78
154                android:value="androidx.startup" />
154-->[androidx.lifecycle:lifecycle-process:2.4.1] AndroidManifest.xml:33:17-49
155        </provider>
156
157        <service
157-->[com.google.android.datatransport:transport-backend-cct:3.1.7] AndroidManifest.xml:29:9-35:19
158            android:name="com.google.android.datatransport.runtime.backends.TransportBackendDiscovery"
158-->[com.google.android.datatransport:transport-backend-cct:3.1.7] AndroidManifest.xml:30:13-103
159            android:exported="false" >
159-->[com.google.android.datatransport:transport-backend-cct:3.1.7] AndroidManifest.xml:31:13-37
160            <meta-data
160-->[com.google.android.datatransport:transport-backend-cct:3.1.7] AndroidManifest.xml:32:13-34:39
161                android:name="backend:com.google.android.datatransport.cct.CctBackendFactory"
161-->[com.google.android.datatransport:transport-backend-cct:3.1.7] AndroidManifest.xml:33:17-94
162                android:value="cct" />
162-->[com.google.android.datatransport:transport-backend-cct:3.1.7] AndroidManifest.xml:34:17-36
163        </service>
164        <service
164-->[com.google.android.datatransport:transport-runtime:3.1.7] AndroidManifest.xml:26:9-30:19
165            android:name="com.google.android.datatransport.runtime.scheduling.jobscheduling.JobInfoSchedulerService"
165-->[com.google.android.datatransport:transport-runtime:3.1.7] AndroidManifest.xml:27:13-117
166            android:exported="false"
166-->[com.google.android.datatransport:transport-runtime:3.1.7] AndroidManifest.xml:28:13-37
167            android:permission="android.permission.BIND_JOB_SERVICE" >
167-->[com.google.android.datatransport:transport-runtime:3.1.7] AndroidManifest.xml:29:13-69
168        </service>
169
170        <receiver
170-->[com.google.android.datatransport:transport-runtime:3.1.7] AndroidManifest.xml:32:9-34:40
171            android:name="com.google.android.datatransport.runtime.scheduling.jobscheduling.AlarmManagerSchedulerBroadcastReceiver"
171-->[com.google.android.datatransport:transport-runtime:3.1.7] AndroidManifest.xml:33:13-132
172            android:exported="false" />
172-->[com.google.android.datatransport:transport-runtime:3.1.7] AndroidManifest.xml:34:13-37
173    </application>
174
175</manifest>